[0406/190336:ERROR:renderer_main.cc(226)] Running without renderer sandbox
[0406/190336:ERROR:renderer_main.cc(226)] Running without renderer sandbox
[0406/190337:ERROR:renderer_main.cc(226)] Running without renderer sandbox
[0406/190338:INFO:dhcp_proxy_script_adapter_fetcher_win.cc(264)] Error fetching PAC URL from DHCP: 2
[0406/190338:INFO:dhcp_proxy_script_adapter_fetcher_win.cc(264)] Error fetching PAC URL from DHCP: 2
[0406/190338:INFO:dhcp_proxy_script_adapter_fetcher_win.cc(264)] Error fetching PAC URL from DHCP: 2
[0406/190339:INFO:CONSOLE(1)] "Uncaught TypeError: Cannot call method 'appendChild' of undefined", source: v8/appCss (1)
[0406/190339:INFO:CONSOLE(1)] "Uncaught TypeError: Cannot call method 'appendChild' of undefined", source: v8/appCss (1)
[0406/190340:INFO:CONSOLE(0)] "event.returnValue is deprecated. Please use the standard event.preventDefault() instead.", source:  (0)
[0406/190347:INFO:dhcp_proxy_script_adapter_fetcher_win.cc(264)] Error fetching PAC URL from DHCP: 2
[0406/190347:INFO:dhcp_proxy_script_adapter_fetcher_win.cc(264)] Error fetching PAC URL from DHCP: 2
[0406/190347:INFO:dhcp_proxy_script_adapter_fetcher_win.cc(264)] Error fetching PAC URL from DHCP: 2
[0406/210852:WARNING:dns_config_service_win.cc(653)] Failed to read DnsConfig.
[0406/210855:WARNING:dns_config_service_win.cc(653)] Failed to read DnsConfig.
[0406/210857:INFO:dhcp_proxy_script_adapter_fetcher_win.cc(264)] Error fetching PAC URL from DHCP: 2
[0406/210857:INFO:dhcp_proxy_script_adapter_fetcher_win.cc(264)] Error fetching PAC URL from DHCP: 2
[0406/210857:INFO:dhcp_proxy_script_adapter_fetcher_win.cc(264)] Error fetching PAC URL from DHCP: 2
[0406/210857:INFO:dhcp_proxy_script_adapter_fetcher_win.cc(264)] Error fetching PAC URL from DHCP: 2
[0406/210859:WARNING:dns_config_service_win.cc(653)] Failed to read DnsConfig.
[0406/210900:INFO:dhcp_proxy_script_adapter_fetcher_win.cc(264)] Error fetching PAC URL from DHCP: 2
[0406/210900:INFO:dhcp_proxy_script_adapter_fetcher_win.cc(264)] Error fetching PAC URL from DHCP: 2
[0406/210900:INFO:dhcp_proxy_script_adapter_fetcher_win.cc(264)] Error fetching PAC URL from DHCP: 2
[0406/210900:INFO:dhcp_proxy_script_adapter_fetcher_win.cc(264)] Error fetching PAC URL from DHCP: 2
[0406/210900:WARNING:dns_config_service_win.cc(653)] Failed to read DnsConfig.
[0406/210903:INFO:dhcp_proxy_script_adapter_fetcher_win.cc(264)] Error fetching PAC URL from DHCP: 2
[0406/210903:INFO:dhcp_proxy_script_adapter_fetcher_win.cc(264)] Error fetching PAC URL from DHCP: 2
[0406/210903:INFO:dhcp_proxy_script_adapter_fetcher_win.cc(264)] Error fetching PAC URL from DHCP: 2
[0406/210903:INFO:dhcp_proxy_script_adapter_fetcher_win.cc(264)] Error fetching PAC URL from DHCP: 2
[0406/210904:WARNING:dns_config_service_win.cc(653)] Failed to read DnsConfig.
[0406/210905:WARNING:dns_config_service_win.cc(653)] Failed to read DnsConfig.
[0406/210909:WARNING:dns_config_service_win.cc(653)] Failed to read DnsConfig.
[0406/210910:WARNING:dns_config_service_win.cc(653)] Failed to read DnsConfig.
[0406/210912:INFO:dhcp_proxy_script_adapter_fetcher_win.cc(264)] Error fetching PAC URL from DHCP: 2
[0406/210912:INFO:dhcp_proxy_script_adapter_fetcher_win.cc(264)] Error fetching PAC URL from DHCP: 2
[0406/210912:INFO:dhcp_proxy_script_adapter_fetcher_win.cc(264)] Error fetching PAC URL from DHCP: 2
[0406/210912:INFO:dhcp_proxy_script_adapter_fetcher_win.cc(264)] Error fetching PAC URL from DHCP: 2
[0406/210914:WARNING:dns_config_service_win.cc(653)] Failed to read DnsConfig.
[0406/210915:WARNING:dns_config_service_win.cc(653)] Failed to read DnsConfig.
[0406/210919:WARNING:dns_config_service_win.cc(653)] Failed to read DnsConfig.
[0406/210920:WARNING:dns_config_service_win.cc(653)] Failed to read DnsConfig.
[0406/210924:WARNING:dns_config_service_win.cc(653)] Failed to read DnsConfig.
[0406/210925:WARNING:dns_config_service_win.cc(653)] Failed to read DnsConfig.
[0406/210929:WARNING:dns_config_service_win.cc(653)] Failed to read DnsConfig.
[0406/210930:WARNING:dns_config_service_win.cc(653)] Failed to read DnsConfig.
[0406/210934:WARNING:dns_config_service_win.cc(653)] Failed to read DnsConfig.
[0406/210935:WARNING:dns_config_service_win.cc(653)] Failed to read DnsConfig.
[0406/210939:WARNING:dns_config_service_win.cc(653)] Failed to read DnsConfig.
[0406/210940:WARNING:dns_config_service_win.cc(653)] Failed to read DnsConfig.
[0406/210944:WARNING:dns_config_service_win.cc(653)] Failed to read DnsConfig.
[0406/210945:WARNING:dns_config_service_win.cc(653)] Failed to read DnsConfig.
[0406/210949:WARNING:dns_config_service_win.cc(653)] Failed to read DnsConfig.
[0406/210950:WARNING:dns_config_service_win.cc(653)] Failed to read DnsConfig.
[0406/210954:WARNING:dns_config_service_win.cc(653)] Failed to read DnsConfig.
[0406/210955:WARNING:dns_config_service_win.cc(653)] Failed to read DnsConfig.
[0406/211000:INFO:dhcp_proxy_script_adapter_fetcher_win.cc(264)] Error fetching PAC URL from DHCP: 2
[0406/211000:INFO:dhcp_proxy_script_adapter_fetcher_win.cc(264)] Error fetching PAC URL from DHCP: 2
[0406/211000:INFO:dhcp_proxy_script_adapter_fetcher_win.cc(264)] Error fetching PAC URL from DHCP: 2
[0406/211000:INFO:dhcp_proxy_script_adapter_fetcher_win.cc(264)] Error fetching PAC URL from DHCP: 2
[0406/211001:WARNING:dns_config_service_win.cc(653)] Failed to read DnsConfig.
[0406/211001:WARNING:dns_config_service_win.cc(653)] Failed to read DnsConfig.
[0406/211001:WARNING:dns_config_service_win.cc(653)] Failed to read DnsConfig.
[0406/211001:WARNING:dns_config_service_win.cc(653)] Failed to read DnsConfig.
[0406/211002:WARNING:dns_config_service_win.cc(653)] Failed to read DnsConfig.
[0406/211003:INFO:dhcp_proxy_script_adapter_fetcher_win.cc(264)] Error fetching PAC URL from DHCP: 2
[0406/211003:INFO:dhcp_proxy_script_adapter_fetcher_win.cc(264)] Error fetching PAC URL from DHCP: 2
[0406/211003:INFO:dhcp_proxy_script_adapter_fetcher_win.cc(264)] Error fetching PAC URL from DHCP: 2
[0406/211003:INFO:dhcp_proxy_script_adapter_fetcher_win.cc(264)] Error fetching PAC URL from DHCP: 2
[0406/211006:INFO:dhcp_proxy_script_adapter_fetcher_win.cc(264)] Error fetching PAC URL from DHCP: 2
[0406/211006:INFO:dhcp_proxy_script_adapter_fetcher_win.cc(264)] Error fetching PAC URL from DHCP: 2
[0406/211006:INFO:dhcp_proxy_script_adapter_fetcher_win.cc(264)] Error fetching PAC URL from DHCP: 2
[0406/211006:INFO:dhcp_proxy_script_adapter_fetcher_win.cc(264)] Error fetching PAC URL from DHCP: 2
[0406/211006:WARNING:dns_config_service_win.cc(653)] Failed to read DnsConfig.
[0406/211006:WARNING:dns_config_service_win.cc(653)] Failed to read DnsConfig.
[0406/211006:WARNING:dns_config_service_win.cc(653)] Failed to read DnsConfig.
[0406/211006:WARNING:dns_config_service_win.cc(653)] Failed to read DnsConfig.
[0406/211007:WARNING:dns_config_service_win.cc(653)] Failed to read DnsConfig.
[0406/211009:INFO:dhcp_proxy_script_adapter_fetcher_win.cc(264)] Error fetching PAC URL from DHCP: 2
[0406/211009:INFO:dhcp_proxy_script_adapter_fetcher_win.cc(264)] Error fetching PAC URL from DHCP: 2
[0406/211009:INFO:dhcp_proxy_script_adapter_fetcher_win.cc(264)] Error fetching PAC URL from DHCP: 2
[0406/211009:INFO:dhcp_proxy_script_adapter_fetcher_win.cc(264)] Error fetching PAC URL from DHCP: 2
[0406/211011:WARNING:dns_config_service_win.cc(653)] Failed to read DnsConfig.
[0406/211011:WARNING:dns_config_service_win.cc(653)] Failed to read DnsConfig.
[0406/211011:WARNING:dns_config_service_win.cc(653)] Failed to read DnsConfig.
[0406/211011:WARNING:dns_config_service_win.cc(653)] Failed to read DnsConfig.
[0406/211012:WARNING:dns_config_service_win.cc(653)] Failed to read DnsConfig.
[0406/211012:INFO:dhcp_proxy_script_adapter_fetcher_win.cc(264)] Error fetching PAC URL from DHCP: 2
[0406/211012:INFO:dhcp_proxy_script_adapter_fetcher_win.cc(264)] Error fetching PAC URL from DHCP: 2
[0406/211012:INFO:dhcp_proxy_script_adapter_fetcher_win.cc(264)] Error fetching PAC URL from DHCP: 2
[0406/211012:INFO:dhcp_proxy_script_adapter_fetcher_win.cc(264)] Error fetching PAC URL from DHCP: 2
[0406/211016:WARNING:dns_config_service_win.cc(653)] Failed to read DnsConfig.
[0406/211016:WARNING:dns_config_service_win.cc(653)] Failed to read DnsConfig.
[0406/211016:WARNING:dns_config_service_win.cc(653)] Failed to read DnsConfig.
[0406/211016:WARNING:dns_config_service_win.cc(653)] Failed to read DnsConfig.
[0406/211017:WARNING:dns_config_service_win.cc(653)] Failed to read DnsConfig.
[0406/211021:WARNING:dns_config_service_win.cc(653)] Failed to read DnsConfig.
[0406/211021:WARNING:dns_config_service_win.cc(653)] Failed to read DnsConfig.
[0406/222115:INFO:dhcp_proxy_script_adapter_fetcher_win.cc(264)] Error fetching PAC URL from DHCP: 2
[0406/222115:INFO:dhcp_proxy_script_adapter_fetcher_win.cc(264)] Error fetching PAC URL from DHCP: 2
[0406/222115:INFO:dhcp_proxy_script_adapter_fetcher_win.cc(264)] Error fetching PAC URL from DHCP: 2
[0406/222115:INFO:dhcp_proxy_script_adapter_fetcher_win.cc(264)] Error fetching PAC URL from DHCP: 2
[0406/222115:WARNING:dns_config_service_win.cc(653)] Failed to read DnsConfig.
[0406/222116:WARNING:dns_config_service_win.cc(653)] Failed to read DnsConfig.
[0406/222116:WARNING:dns_config_service_win.cc(653)] Failed to read DnsConfig.
[0406/222117:WARNING:dns_config_service_win.cc(653)] Failed to read DnsConfig.
[0406/222117:WARNING:dns_config_service_win.cc(653)] Failed to read DnsConfig.
[0406/222117:WARNING:dns_config_service_win.cc(653)] Failed to read DnsConfig.
[0406/222118:INFO:dhcp_proxy_script_adapter_fetcher_win.cc(264)] Error fetching PAC URL from DHCP: 2
[0406/222118:INFO:dhcp_proxy_script_adapter_fetcher_win.cc(264)] Error fetching PAC URL from DHCP: 2
[0406/222118:INFO:dhcp_proxy_script_adapter_fetcher_win.cc(264)] Error fetching PAC URL from DHCP: 2
[0406/222118:INFO:dhcp_proxy_script_adapter_fetcher_win.cc(264)] Error fetching PAC URL from DHCP: 2
[0406/222120:WARNING:dns_config_service_win.cc(653)] Failed to read DnsConfig.
[0406/222121:WARNING:dns_config_service_win.cc(653)] Failed to read DnsConfig.
[0406/222121:INFO:dhcp_proxy_script_adapter_fetcher_win.cc(264)] Error fetching PAC URL from DHCP: 2
[0406/222121:INFO:dhcp_proxy_script_adapter_fetcher_win.cc(264)] Error fetching PAC URL from DHCP: 2
[0406/222121:INFO:dhcp_proxy_script_adapter_fetcher_win.cc(264)] Error fetching PAC URL from DHCP: 2
[0406/222121:INFO:dhcp_proxy_script_adapter_fetcher_win.cc(264)] Error fetching PAC URL from DHCP: 2
[0406/222121:WARNING:dns_config_service_win.cc(653)] Failed to read DnsConfig.
[0406/222122:WARNING:dns_config_service_win.cc(653)] Failed to read DnsConfig.
[0406/222122:WARNING:dns_config_service_win.cc(653)] Failed to read DnsConfig.
[0406/222122:WARNING:dns_config_service_win.cc(653)] Failed to read DnsConfig.
[0406/222125:WARNING:dns_config_service_win.cc(653)] Failed to read DnsConfig.
[0406/222126:WARNING:dns_config_service_win.cc(653)] Failed to read DnsConfig.
[0406/222126:WARNING:dns_config_service_win.cc(653)] Failed to read DnsConfig.
[0406/222127:WARNING:dns_config_service_win.cc(653)] Failed to read DnsConfig.
[0406/222127:WARNING:dns_config_service_win.cc(653)] Failed to read DnsConfig.
[0406/222127:WARNING:dns_config_service_win.cc(653)] Failed to read DnsConfig.
[0406/222130:INFO:dhcp_proxy_script_adapter_fetcher_win.cc(264)] Error fetching PAC URL from DHCP: 2
[0406/222130:INFO:dhcp_proxy_script_adapter_fetcher_win.cc(264)] Error fetching PAC URL from DHCP: 2
[0406/222130:INFO:dhcp_proxy_script_adapter_fetcher_win.cc(264)] Error fetching PAC URL from DHCP: 2
[0406/222130:INFO:dhcp_proxy_script_adapter_fetcher_win.cc(264)] Error fetching PAC URL from DHCP: 2
[0406/222130:WARNING:dns_config_service_win.cc(653)] Failed to read DnsConfig.
[0406/222131:WARNING:dns_config_service_win.cc(653)] Failed to read DnsConfig.
[0406/222131:WARNING:dns_config_service_win.cc(653)] Failed to read DnsConfig.
[0406/222132:WARNING:dns_config_service_win.cc(653)] Failed to read DnsConfig.
[0406/222132:WARNING:dns_config_service_win.cc(653)] Failed to read DnsConfig.
[0406/222132:WARNING:dns_config_service_win.cc(653)] Failed to read DnsConfig.
[0406/222135:WARNING:dns_config_service_win.cc(653)] Failed to read DnsConfig.
[0406/222136:WARNING:dns_config_service_win.cc(653)] Failed to read DnsConfig.
[0406/222136:WARNING:dns_config_service_win.cc(653)] Failed to read DnsConfig.
[0406/222137:WARNING:dns_config_service_win.cc(653)] Failed to read DnsConfig.
[0406/222137:WARNING:dns_config_service_win.cc(653)] Failed to read DnsConfig.
[0406/222137:WARNING:dns_config_service_win.cc(653)] Failed to read DnsConfig.
[0406/222140:WARNING:dns_config_service_win.cc(653)] Failed to read DnsConfig.
[0406/222141:WARNING:dns_config_service_win.cc(653)] Failed to read DnsConfig.
[0406/222141:WARNING:dns_config_service_win.cc(653)] Failed to read DnsConfig.
[0406/222142:WARNING:dns_config_service_win.cc(653)] Failed to read DnsConfig.
[0406/222142:WARNING:dns_config_service_win.cc(653)] Failed to read DnsConfig.
[0406/222142:WARNING:dns_config_service_win.cc(653)] Failed to read DnsConfig.
[0406/222145:WARNING:dns_config_service_win.cc(653)] Failed to read DnsConfig.
[0406/222146:WARNING:dns_config_service_win.cc(653)] Failed to read DnsConfig.
[0406/222146:WARNING:dns_config_service_win.cc(653)] Failed to read DnsConfig.
[0406/222147:WARNING:dns_config_service_win.cc(653)] Failed to read DnsConfig.
[0406/222147:WARNING:dns_config_service_win.cc(653)] Failed to read DnsConfig.
[0406/222147:WARNING:dns_config_service_win.cc(653)] Failed to read DnsConfig.
[0406/222150:WARNING:dns_config_service_win.cc(653)] Failed to read DnsConfig.
[0406/222151:WARNING:dns_config_service_win.cc(653)] Failed to read DnsConfig.
[0406/222151:WARNING:dns_config_service_win.cc(653)] Failed to read DnsConfig.
[0406/222152:WARNING:dns_config_service_win.cc(653)] Failed to read DnsConfig.
[0406/222152:WARNING:dns_config_service_win.cc(653)] Failed to read DnsConfig.
[0406/222152:WARNING:dns_config_service_win.cc(653)] Failed to read DnsConfig.
[0406/222155:WARNING:dns_config_service_win.cc(653)] Failed to read DnsConfig.
[0406/222156:WARNING:dns_config_service_win.cc(653)] Failed to read DnsConfig.
[0406/222156:WARNING:dns_config_service_win.cc(653)] Failed to read DnsConfig.
[0406/222157:WARNING:dns_config_service_win.cc(653)] Failed to read DnsConfig.
[0406/222157:WARNING:dns_config_service_win.cc(653)] Failed to read DnsConfig.
[0406/222157:WARNING:dns_config_service_win.cc(653)] Failed to read DnsConfig.
[0406/222200:WARNING:dns_config_service_win.cc(653)] Failed to read DnsConfig.
[0406/222201:WARNING:dns_config_service_win.cc(653)] Failed to read DnsConfig.
[0406/222201:WARNING:dns_config_service_win.cc(653)] Failed to read DnsConfig.
[0406/222202:WARNING:dns_config_service_win.cc(653)] Failed to read DnsConfig.
[0406/222202:WARNING:dns_config_service_win.cc(653)] Failed to read DnsConfig.
[0406/222202:WARNING:dns_config_service_win.cc(653)] Failed to read DnsConfig.
[0406/222205:WARNING:dns_config_service_win.cc(653)] Failed to read DnsConfig.
[0406/222206:WARNING:dns_config_service_win.cc(653)] Failed to read DnsConfig.
[0406/222206:WARNING:dns_config_service_win.cc(653)] Failed to read DnsConfig.
[0406/222207:WARNING:dns_config_service_win.cc(653)] Failed to read DnsConfig.
[0406/222207:WARNING:dns_config_service_win.cc(653)] Failed to read DnsConfig.
[0406/222207:WARNING:dns_config_service_win.cc(653)] Failed to read DnsConfig.
[0406/222210:WARNING:dns_config_service_win.cc(653)] Failed to read DnsConfig.
[0406/222211:WARNING:dns_config_service_win.cc(653)] Failed to read DnsConfig.
[0406/222211:WARNING:dns_config_service_win.cc(653)] Failed to read DnsConfig.
[0406/222212:WARNING:dns_config_service_win.cc(653)] Failed to read DnsConfig.
[0406/222212:WARNING:dns_config_service_win.cc(653)] Failed to read DnsConfig.
[0406/222212:WARNING:dns_config_service_win.cc(653)] Failed to read DnsConfig.
[0406/222215:WARNING:dns_config_service_win.cc(653)] Failed to read DnsConfig.
[0406/222216:WARNING:dns_config_service_win.cc(653)] Failed to read DnsConfig.
[0406/222216:WARNING:dns_config_service_win.cc(653)] Failed to read DnsConfig.
[0406/222217:WARNING:dns_config_service_win.cc(653)] Failed to read DnsConfig.
[0406/222217:WARNING:dns_config_service_win.cc(653)] Failed to read DnsConfig.
[0406/222217:WARNING:dns_config_service_win.cc(653)] Failed to read DnsConfig.
[0406/222220:WARNING:dns_config_service_win.cc(653)] Failed to read DnsConfig.
[0406/222221:WARNING:dns_config_service_win.cc(653)] Failed to read DnsConfig.
[0406/222221:WARNING:dns_config_service_win.cc(653)] Failed to read DnsConfig.
[0406/222222:WARNING:dns_config_service_win.cc(653)] Failed to read DnsConfig.
[0406/222222:WARNING:dns_config_service_win.cc(653)] Failed to read DnsConfig.
[0406/222222:WARNING:dns_config_service_win.cc(653)] Failed to read DnsConfig.
[0406/222225:WARNING:dns_config_service_win.cc(653)] Failed to read DnsConfig.
[0406/222226:WARNING:dns_config_service_win.cc(653)] Failed to read DnsConfig.
[0406/222226:WARNING:dns_config_service_win.cc(653)] Failed to read DnsConfig.
[0406/222227:WARNING:dns_config_service_win.cc(653)] Failed to read DnsConfig.
[0406/222227:WARNING:dns_config_service_win.cc(653)] Failed to read DnsConfig.
[0406/222227:WARNING:dns_config_service_win.cc(653)] Failed to read DnsConfig.
[0406/222230:WARNING:dns_config_service_win.cc(653)] Failed to read DnsConfig.
[0406/222231:WARNING:dns_config_service_win.cc(653)] Failed to read DnsConfig.
[0406/222231:WARNING:dns_config_service_win.cc(653)] Failed to read DnsConfig.
[0406/222232:WARNING:dns_config_service_win.cc(653)] Failed to read DnsConfig.
[0406/222232:WARNING:dns_config_service_win.cc(653)] Failed to read DnsConfig.
[0406/222232:WARNING:dns_config_service_win.cc(653)] Failed to read DnsConfig.
[0406/222235:WARNING:dns_config_service_win.cc(653)] Failed to read DnsConfig.
[0406/222236:WARNING:dns_config_service_win.cc(653)] Failed to read DnsConfig.
[0406/222236:WARNING:dns_config_service_win.cc(653)] Failed to read DnsConfig.
[0406/222237:WARNING:dns_config_service_win.cc(653)] Failed to read DnsConfig.
[0406/222237:WARNING:dns_config_service_win.cc(653)] Failed to read DnsConfig.
[0406/222237:WARNING:dns_config_service_win.cc(653)] Failed to read DnsConfig.
[0406/222240:WARNING:dns_config_service_win.cc(653)] Failed to read DnsConfig.
[0406/222241:WARNING:dns_config_service_win.cc(653)] Failed to read DnsConfig.
[0406/222241:WARNING:dns_config_service_win.cc(653)] Failed to read DnsConfig.
[0406/222242:WARNING:dns_config_service_win.cc(653)] Failed to read DnsConfig.
[0406/222242:WARNING:dns_config_service_win.cc(653)] Failed to read DnsConfig.
[0406/222242:WARNING:dns_config_service_win.cc(653)] Failed to read DnsConfig.
[0406/222245:WARNING:dns_config_service_win.cc(653)] Failed to read DnsConfig.
[0406/222246:WARNING:dns_config_service_win.cc(653)] Failed to read DnsConfig.
[0406/222246:WARNING:dns_config_service_win.cc(653)] Failed to read DnsConfig.
[0406/222247:WARNING:dns_config_service_win.cc(653)] Failed to read DnsConfig.
[0406/222247:WARNING:dns_config_service_win.cc(653)] Failed to read DnsConfig.
[0406/222247:WARNING:dns_config_service_win.cc(653)] Failed to read DnsConfig.
[0406/222250:WARNING:dns_config_service_win.cc(653)] Failed to read DnsConfig.
[0406/222251:WARNING:dns_config_service_win.cc(653)] Failed to read DnsConfig.
[0406/222251:WARNING:dns_config_service_win.cc(653)] Failed to read DnsConfig.
[0406/222252:WARNING:dns_config_service_win.cc(653)] Failed to read DnsConfig.
[0406/222252:WARNING:dns_config_service_win.cc(653)] Failed to read DnsConfig.
[0406/222252:WARNING:dns_config_service_win.cc(653)] Failed to read DnsConfig.
[0406/222255:WARNING:dns_config_service_win.cc(653)] Failed to read DnsConfig.
[0406/222256:WARNING:dns_config_service_win.cc(653)] Failed to read DnsConfig.
[0406/222256:WARNING:dns_config_service_win.cc(653)] Failed to read DnsConfig.
[0406/222257:WARNING:dns_config_service_win.cc(653)] Failed to read DnsConfig.
[0406/222257:WARNING:dns_config_service_win.cc(653)] Failed to read DnsConfig.
[0406/222257:WARNING:dns_config_service_win.cc(653)] Failed to read DnsConfig.
[0406/222300:WARNING:dns_config_service_win.cc(653)] Failed to read DnsConfig.
[0406/222301:WARNING:dns_config_service_win.cc(653)] Failed to read DnsConfig.
[0406/222301:WARNING:dns_config_service_win.cc(653)] Failed to read DnsConfig.
[0406/222302:WARNING:dns_config_service_win.cc(653)] Failed to read DnsConfig.
[0406/222302:WARNING:dns_config_service_win.cc(653)] Failed to read DnsConfig.
[0406/222302:WARNING:dns_config_service_win.cc(653)] Failed to read DnsConfig.
[0406/222305:WARNING:dns_config_service_win.cc(653)] Failed to read DnsConfig.
[0406/222306:WARNING:dns_config_service_win.cc(653)] Failed to read DnsConfig.
[0406/222306:WARNING:dns_config_service_win.cc(653)] Failed to read DnsConfig.
[0406/222307:WARNING:dns_config_service_win.cc(653)] Failed to read DnsConfig.
[0406/222307:INFO:dhcp_proxy_script_adapter_fetcher_win.cc(264)] Error fetching PAC URL from DHCP: 2
[0406/222307:INFO:dhcp_proxy_script_adapter_fetcher_win.cc(264)] Error fetching PAC URL from DHCP: 2
[0406/222307:INFO:dhcp_proxy_script_adapter_fetcher_win.cc(264)] Error fetching PAC URL from DHCP: 2
[0406/222307:INFO:dhcp_proxy_script_adapter_fetcher_win.cc(264)] Error fetching PAC URL from DHCP: 2
[0406/222307:WARNING:dns_config_service_win.cc(653)] Failed to read DnsConfig.
[0406/222307:WARNING:dns_config_service_win.cc(653)] Failed to read DnsConfig.
