[0406/074342:ERROR:renderer_main.cc(226)] Running without renderer sandbox
[0406/074343:ERROR:renderer_main.cc(226)] Running without renderer sandbox
[0406/074344:ERROR:renderer_main.cc(226)] Running without renderer sandbox
[0406/074344:ERROR:renderer_main.cc(226)] Running without renderer sandbox
[0406/074346:INFO:dhcp_proxy_script_adapter_fetcher_win.cc(264)] Error fetching PAC URL from DHCP: 2
[0406/074346:INFO:dhcp_proxy_script_adapter_fetcher_win.cc(264)] Error fetching PAC URL from DHCP: 2
[0406/074351:INFO:CONSOLE(0)] "event.returnValue is deprecated. Please use the standard event.preventDefault() instead.", source:  (0)
[0406/074351:INFO:CONSOLE(0)] "event.returnValue is deprecated. Please use the standard event.preventDefault() instead.", source:  (0)
[0406/074355:INFO:dhcp_proxy_script_adapter_fetcher_win.cc(264)] Error fetching PAC URL from DHCP: 2
[0406/074355:INFO:dhcp_proxy_script_adapter_fetcher_win.cc(264)] Error fetching PAC URL from DHCP: 2
[0406/074402:INFO:dhcp_proxy_script_adapter_fetcher_win.cc(264)] Error fetching PAC URL from DHCP: 2
[0406/074402:INFO:dhcp_proxy_script_adapter_fetcher_win.cc(264)] Error fetching PAC URL from DHCP: 2
[0406/074406:INFO:dhcp_proxy_script_adapter_fetcher_win.cc(264)] Error fetching PAC URL from DHCP: 2
[0406/074406:INFO:dhcp_proxy_script_adapter_fetcher_win.cc(264)] Error fetching PAC URL from DHCP: 2
[0406/074415:INFO:dhcp_proxy_script_adapter_fetcher_win.cc(264)] Error fetching PAC URL from DHCP: 2
[0406/074415:INFO:dhcp_proxy_script_adapter_fetcher_win.cc(264)] Error fetching PAC URL from DHCP: 2
[0406/074425:INFO:CONSOLE(1)] "ReferenceError: EdgeDOM is not defined
    at eval (eval at <anonymous> (about:blank:0:45), <anonymous>:1:7)
    at about:blank:0:45", source:  (1)
[0406/074427:ERROR:renderer_main.cc(226)] Running without renderer sandbox
[0406/074428:INFO:CONSOLE(1)] "ReferenceError: EdgeDOM is not defined
    at eval (eval at <anonymous> (unknown source), <anonymous>:1:13)
    at <anonymous>:0:57", source:  (1)
[0406/074428:INFO:CONSOLE(1)] "Uncaught TypeError: Cannot call method 'appendChild' of undefined", source: v8/appCss (1)
[0406/074707:INFO:dhcp_proxy_script_adapter_fetcher_win.cc(264)] Error fetching PAC URL from DHCP: 2
[0406/074707:INFO:dhcp_proxy_script_adapter_fetcher_win.cc(264)] Error fetching PAC URL from DHCP: 2
[0406/074716:INFO:dhcp_proxy_script_adapter_fetcher_win.cc(264)] Error fetching PAC URL from DHCP: 2
[0406/074716:INFO:dhcp_proxy_script_adapter_fetcher_win.cc(264)] Error fetching PAC URL from DHCP: 2
[0406/075344:INFO:dhcp_proxy_script_adapter_fetcher_win.cc(264)] Error fetching PAC URL from DHCP: 2
[0406/075344:INFO:dhcp_proxy_script_adapter_fetcher_win.cc(264)] Error fetching PAC URL from DHCP: 2
[0406/075353:INFO:dhcp_proxy_script_adapter_fetcher_win.cc(264)] Error fetching PAC URL from DHCP: 2
[0406/075353:INFO:dhcp_proxy_script_adapter_fetcher_win.cc(264)] Error fetching PAC URL from DHCP: 2
[0406/075543:INFO:dhcp_proxy_script_adapter_fetcher_win.cc(264)] Error fetching PAC URL from DHCP: 2
[0406/075543:INFO:dhcp_proxy_script_adapter_fetcher_win.cc(264)] Error fetching PAC URL from DHCP: 2
[0406/075552:INFO:dhcp_proxy_script_adapter_fetcher_win.cc(264)] Error fetching PAC URL from DHCP: 2
[0406/075552:INFO:dhcp_proxy_script_adapter_fetcher_win.cc(264)] Error fetching PAC URL from DHCP: 2
[0406/075834:INFO:dhcp_proxy_script_adapter_fetcher_win.cc(264)] Error fetching PAC URL from DHCP: 2
[0406/075834:INFO:dhcp_proxy_script_adapter_fetcher_win.cc(264)] Error fetching PAC URL from DHCP: 2
[0406/075843:INFO:dhcp_proxy_script_adapter_fetcher_win.cc(264)] Error fetching PAC URL from DHCP: 2
[0406/075843:INFO:dhcp_proxy_script_adapter_fetcher_win.cc(264)] Error fetching PAC URL from DHCP: 2
[0406/080032:INFO:dhcp_proxy_script_adapter_fetcher_win.cc(264)] Error fetching PAC URL from DHCP: 2
[0406/080032:INFO:dhcp_proxy_script_adapter_fetcher_win.cc(264)] Error fetching PAC URL from DHCP: 2
[0406/080042:INFO:dhcp_proxy_script_adapter_fetcher_win.cc(264)] Error fetching PAC URL from DHCP: 2
[0406/080042:INFO:dhcp_proxy_script_adapter_fetcher_win.cc(264)] Error fetching PAC URL from DHCP: 2
[0406/080154:INFO:dhcp_proxy_script_adapter_fetcher_win.cc(264)] Error fetching PAC URL from DHCP: 2
[0406/080154:INFO:dhcp_proxy_script_adapter_fetcher_win.cc(264)] Error fetching PAC URL from DHCP: 2
[0406/080203:INFO:dhcp_proxy_script_adapter_fetcher_win.cc(264)] Error fetching PAC URL from DHCP: 2
[0406/080203:INFO:dhcp_proxy_script_adapter_fetcher_win.cc(264)] Error fetching PAC URL from DHCP: 2
[0406/080426:INFO:dhcp_proxy_script_adapter_fetcher_win.cc(264)] Error fetching PAC URL from DHCP: 2
[0406/080426:INFO:dhcp_proxy_script_adapter_fetcher_win.cc(264)] Error fetching PAC URL from DHCP: 2
[0406/080435:INFO:dhcp_proxy_script_adapter_fetcher_win.cc(264)] Error fetching PAC URL from DHCP: 2
[0406/080435:INFO:dhcp_proxy_script_adapter_fetcher_win.cc(264)] Error fetching PAC URL from DHCP: 2
[0406/080554:INFO:dhcp_proxy_script_adapter_fetcher_win.cc(264)] Error fetching PAC URL from DHCP: 2
[0406/080554:INFO:dhcp_proxy_script_adapter_fetcher_win.cc(264)] Error fetching PAC URL from DHCP: 2
[0406/080603:INFO:dhcp_proxy_script_adapter_fetcher_win.cc(264)] Error fetching PAC URL from DHCP: 2
[0406/080603:INFO:dhcp_proxy_script_adapter_fetcher_win.cc(264)] Error fetching PAC URL from DHCP: 2
[0406/080739:INFO:dhcp_proxy_script_adapter_fetcher_win.cc(264)] Error fetching PAC URL from DHCP: 2
[0406/080739:INFO:dhcp_proxy_script_adapter_fetcher_win.cc(264)] Error fetching PAC URL from DHCP: 2
[0406/080748:INFO:dhcp_proxy_script_adapter_fetcher_win.cc(264)] Error fetching PAC URL from DHCP: 2
[0406/080748:INFO:dhcp_proxy_script_adapter_fetcher_win.cc(264)] Error fetching PAC URL from DHCP: 2
[0406/080836:INFO:dhcp_proxy_script_adapter_fetcher_win.cc(264)] Error fetching PAC URL from DHCP: 2
[0406/080836:INFO:dhcp_proxy_script_adapter_fetcher_win.cc(264)] Error fetching PAC URL from DHCP: 2
[0406/080836:INFO:dhcp_proxy_script_adapter_fetcher_win.cc(264)] Error fetching PAC URL from DHCP: 2
[0406/080842:INFO:dhcp_proxy_script_adapter_fetcher_win.cc(264)] Error fetching PAC URL from DHCP: 2
[0406/080842:INFO:dhcp_proxy_script_adapter_fetcher_win.cc(264)] Error fetching PAC URL from DHCP: 2
[0406/080846:INFO:dhcp_proxy_script_adapter_fetcher_win.cc(264)] Error fetching PAC URL from DHCP: 2
[0406/080846:INFO:dhcp_proxy_script_adapter_fetcher_win.cc(264)] Error fetching PAC URL from DHCP: 2
[0406/080855:INFO:dhcp_proxy_script_adapter_fetcher_win.cc(264)] Error fetching PAC URL from DHCP: 2
[0406/080855:INFO:dhcp_proxy_script_adapter_fetcher_win.cc(264)] Error fetching PAC URL from DHCP: 2
[0406/081110:INFO:dhcp_proxy_script_adapter_fetcher_win.cc(264)] Error fetching PAC URL from DHCP: 2
[0406/081110:INFO:dhcp_proxy_script_adapter_fetcher_win.cc(264)] Error fetching PAC URL from DHCP: 2
[0406/081119:INFO:dhcp_proxy_script_adapter_fetcher_win.cc(264)] Error fetching PAC URL from DHCP: 2
[0406/081119:INFO:dhcp_proxy_script_adapter_fetcher_win.cc(264)] Error fetching PAC URL from DHCP: 2
[0406/081232:INFO:dhcp_proxy_script_adapter_fetcher_win.cc(264)] Error fetching PAC URL from DHCP: 2
[0406/081232:INFO:dhcp_proxy_script_adapter_fetcher_win.cc(264)] Error fetching PAC URL from DHCP: 2
[0406/081241:INFO:dhcp_proxy_script_adapter_fetcher_win.cc(264)] Error fetching PAC URL from DHCP: 2
[0406/081241:INFO:dhcp_proxy_script_adapter_fetcher_win.cc(264)] Error fetching PAC URL from DHCP: 2
[0406/081648:INFO:dhcp_proxy_script_adapter_fetcher_win.cc(264)] Error fetching PAC URL from DHCP: 2
[0406/081648:INFO:dhcp_proxy_script_adapter_fetcher_win.cc(264)] Error fetching PAC URL from DHCP: 2
[0406/081657:INFO:dhcp_proxy_script_adapter_fetcher_win.cc(264)] Error fetching PAC URL from DHCP: 2
[0406/081657:INFO:dhcp_proxy_script_adapter_fetcher_win.cc(264)] Error fetching PAC URL from DHCP: 2
[0406/081959:INFO:dhcp_proxy_script_adapter_fetcher_win.cc(264)] Error fetching PAC URL from DHCP: 2
[0406/081959:INFO:dhcp_proxy_script_adapter_fetcher_win.cc(264)] Error fetching PAC URL from DHCP: 2
[0406/082008:INFO:dhcp_proxy_script_adapter_fetcher_win.cc(264)] Error fetching PAC URL from DHCP: 2
[0406/082008:INFO:dhcp_proxy_script_adapter_fetcher_win.cc(264)] Error fetching PAC URL from DHCP: 2
[0406/082130:ERROR:ipc_channel_win.cc(132)] pipe error: 109
[0406/082130:INFO:dhcp_proxy_script_adapter_fetcher_win.cc(264)] Error fetching PAC URL from DHCP: 2
[0406/082130:INFO:dhcp_proxy_script_adapter_fetcher_win.cc(264)] Error fetching PAC URL from DHCP: 2
[0406/082131:INFO:CONSOLE(1)] "ReferenceError: EdgeDOM is not defined
    at eval (eval at <anonymous> (about:blank:0:47), <anonymous>:1:7)
    at about:blank:0:47", source:  (1)
[0406/082140:ERROR:renderer_main.cc(226)] Running without renderer sandbox
[0406/082159:INFO:dhcp_proxy_script_adapter_fetcher_win.cc(264)] Error fetching PAC URL from DHCP: 2
[0406/082159:INFO:dhcp_proxy_script_adapter_fetcher_win.cc(264)] Error fetching PAC URL from DHCP: 2
[0406/082208:INFO:dhcp_proxy_script_adapter_fetcher_win.cc(264)] Error fetching PAC URL from DHCP: 2
[0406/082208:INFO:dhcp_proxy_script_adapter_fetcher_win.cc(264)] Error fetching PAC URL from DHCP: 2
[0406/082338:INFO:dhcp_proxy_script_adapter_fetcher_win.cc(264)] Error fetching PAC URL from DHCP: 2
[0406/082338:INFO:dhcp_proxy_script_adapter_fetcher_win.cc(264)] Error fetching PAC URL from DHCP: 2
[0406/082347:INFO:dhcp_proxy_script_adapter_fetcher_win.cc(264)] Error fetching PAC URL from DHCP: 2
[0406/082347:INFO:dhcp_proxy_script_adapter_fetcher_win.cc(264)] Error fetching PAC URL from DHCP: 2
[0406/082554:INFO:dhcp_proxy_script_adapter_fetcher_win.cc(264)] Error fetching PAC URL from DHCP: 2
[0406/082554:INFO:dhcp_proxy_script_adapter_fetcher_win.cc(264)] Error fetching PAC URL from DHCP: 2
[0406/082603:INFO:dhcp_proxy_script_adapter_fetcher_win.cc(264)] Error fetching PAC URL from DHCP: 2
[0406/082603:INFO:dhcp_proxy_script_adapter_fetcher_win.cc(264)] Error fetching PAC URL from DHCP: 2
[0406/082719:INFO:dhcp_proxy_script_adapter_fetcher_win.cc(264)] Error fetching PAC URL from DHCP: 2
[0406/082719:INFO:dhcp_proxy_script_adapter_fetcher_win.cc(264)] Error fetching PAC URL from DHCP: 2
[0406/082728:INFO:dhcp_proxy_script_adapter_fetcher_win.cc(264)] Error fetching PAC URL from DHCP: 2
[0406/082728:INFO:dhcp_proxy_script_adapter_fetcher_win.cc(264)] Error fetching PAC URL from DHCP: 2
[0406/083150:INFO:dhcp_proxy_script_adapter_fetcher_win.cc(264)] Error fetching PAC URL from DHCP: 2
[0406/083150:INFO:dhcp_proxy_script_adapter_fetcher_win.cc(264)] Error fetching PAC URL from DHCP: 2
[0406/083159:INFO:dhcp_proxy_script_adapter_fetcher_win.cc(264)] Error fetching PAC URL from DHCP: 2
[0406/083159:INFO:dhcp_proxy_script_adapter_fetcher_win.cc(264)] Error fetching PAC URL from DHCP: 2
[0406/083313:INFO:dhcp_proxy_script_adapter_fetcher_win.cc(264)] Error fetching PAC URL from DHCP: 2
[0406/083313:INFO:dhcp_proxy_script_adapter_fetcher_win.cc(264)] Error fetching PAC URL from DHCP: 2
[0406/083322:INFO:dhcp_proxy_script_adapter_fetcher_win.cc(264)] Error fetching PAC URL from DHCP: 2
[0406/083322:INFO:dhcp_proxy_script_adapter_fetcher_win.cc(264)] Error fetching PAC URL from DHCP: 2
[0406/083443:INFO:dhcp_proxy_script_adapter_fetcher_win.cc(264)] Error fetching PAC URL from DHCP: 2
[0406/083443:INFO:dhcp_proxy_script_adapter_fetcher_win.cc(264)] Error fetching PAC URL from DHCP: 2
[0406/083446:ERROR:renderer_main.cc(226)] Running without renderer sandbox
[0406/083452:INFO:dhcp_proxy_script_adapter_fetcher_win.cc(264)] Error fetching PAC URL from DHCP: 2
[0406/083452:INFO:dhcp_proxy_script_adapter_fetcher_win.cc(264)] Error fetching PAC URL from DHCP: 2
[0406/083454:ERROR:ipc_channel_win.cc(132)] pipe error: 109
[0406/083454:INFO:CONSOLE(1)] "ReferenceError: EdgeDOM is not defined
    at eval (eval at <anonymous> (about:blank:0:47), <anonymous>:1:7)
    at about:blank:0:47", source:  (1)
[0406/083456:ERROR:renderer_main.cc(226)] Running without renderer sandbox
[0406/083530:INFO:dhcp_proxy_script_adapter_fetcher_win.cc(264)] Error fetching PAC URL from DHCP: 2
[0406/083530:INFO:dhcp_proxy_script_adapter_fetcher_win.cc(264)] Error fetching PAC URL from DHCP: 2
[0406/083654:ERROR:ipc_channel_win.cc(132)] pipe error: 109
[0406/083654:ERROR:ipc_channel_win.cc(132)] pipe error: 109
[0406/185619:ERROR:renderer_main.cc(226)] Running without renderer sandbox
[0406/185619:ERROR:renderer_main.cc(226)] Running without renderer sandbox
[0406/185620:ERROR:renderer_main.cc(226)] Running without renderer sandbox
[0406/185621:INFO:dhcp_proxy_script_adapter_fetcher_win.cc(264)] Error fetching PAC URL from DHCP: 2
[0406/185621:INFO:dhcp_proxy_script_adapter_fetcher_win.cc(264)] Error fetching PAC URL from DHCP: 2
[0406/185621:INFO:dhcp_proxy_script_adapter_fetcher_win.cc(264)] Error fetching PAC URL from DHCP: 2
[0406/185622:INFO:CONSOLE(0)] "event.returnValue is deprecated. Please use the standard event.preventDefault() instead.", source:  (0)
[0406/185630:INFO:dhcp_proxy_script_adapter_fetcher_win.cc(264)] Error fetching PAC URL from DHCP: 2
[0406/185630:INFO:dhcp_proxy_script_adapter_fetcher_win.cc(264)] Error fetching PAC URL from DHCP: 2
[0406/185630:INFO:dhcp_proxy_script_adapter_fetcher_win.cc(264)] Error fetching PAC URL from DHCP: 2
[0406/185711:INFO:dhcp_proxy_script_adapter_fetcher_win.cc(264)] Error fetching PAC URL from DHCP: 2
[0406/185711:INFO:dhcp_proxy_script_adapter_fetcher_win.cc(264)] Error fetching PAC URL from DHCP: 2
[0406/185711:INFO:dhcp_proxy_script_adapter_fetcher_win.cc(264)] Error fetching PAC URL from DHCP: 2
[0406/190032:ERROR:renderer_main.cc(226)] Running without renderer sandbox
[0406/190032:ERROR:renderer_main.cc(226)] Running without renderer sandbox
[0406/190032:ERROR:renderer_main.cc(226)] Running without renderer sandbox
[0406/190033:INFO:dhcp_proxy_script_adapter_fetcher_win.cc(264)] Error fetching PAC URL from DHCP: 2
[0406/190033:INFO:dhcp_proxy_script_adapter_fetcher_win.cc(264)] Error fetching PAC URL from DHCP: 2
[0406/190033:INFO:dhcp_proxy_script_adapter_fetcher_win.cc(264)] Error fetching PAC URL from DHCP: 2
[0406/190035:INFO:CONSOLE(0)] "event.returnValue is deprecated. Please use the standard event.preventDefault() instead.", source:  (0)
[0406/190042:INFO:dhcp_proxy_script_adapter_fetcher_win.cc(264)] Error fetching PAC URL from DHCP: 2
[0406/190042:INFO:dhcp_proxy_script_adapter_fetcher_win.cc(264)] Error fetching PAC URL from DHCP: 2
[0406/190042:INFO:dhcp_proxy_script_adapter_fetcher_win.cc(264)] Error fetching PAC URL from DHCP: 2
[0406/190123:INFO:dhcp_proxy_script_adapter_fetcher_win.cc(264)] Error fetching PAC URL from DHCP: 2
[0406/190123:INFO:dhcp_proxy_script_adapter_fetcher_win.cc(264)] Error fetching PAC URL from DHCP: 2
[0406/190123:INFO:dhcp_proxy_script_adapter_fetcher_win.cc(264)] Error fetching PAC URL from DHCP: 2
[0406/190246:INFO:CONSOLE(1)] "ReferenceError: EdgeDOM is not defined
    at eval (eval at <anonymous> (about:blank:0:45), <anonymous>:1:7)
    at about:blank:0:45", source:  (1)
